Using pre-set license
Built from '2020.2/release' branch; Version is '2020.2.1f1 (270dd8c3da1c) revision 2559448'; Using compiler version '192528614'; Build Type 'Release'
OS: 'Windows 10  (10.0.0) 64bit' Language: 'es' Physical Memory: 8090 MB
BatchMode: 1, IsHumanControllingUs: 0, StartBugReporterOnCrash: 0, Is64bit: 1, IsPro: 0

 COMMAND LINE ARGUMENTS:
C:\Program Files\Unity\Hub\Editor\2020.2.1f1\Editor\Unity.exe
-adb2
-batchMode
-noUpm
-name
AssetImportWorker0
-projectPath
D:/Universidad/LCI Barcelona/2o A単o 1r Trimestre/Motores a tiempo real/Abuelitadimetu/Awelita
-logFile
Logs/AssetImportWorker0.log
-srvPort
49967
Successfully changed project path to: D:/Universidad/LCI Barcelona/2o A単o 1r Trimestre/Motores a tiempo real/Abuelitadimetu/Awelita
D:/Universidad/LCI Barcelona/2o A単o 1r Trimestre/Motores a tiempo real/Abuelitadimetu/Awelita
Using Asset Import Pipeline V2.
Refreshing native plugins compatible for Editor in 34.61 ms, found 0 plugins.
Preloading 0 native plugins for Editor in 0.00 ms.
Initialize engine version: 2020.2.1f1 (270dd8c3da1c)
[Subsystems] Discovering subsystems at path C:/Program Files/Unity/Hub/Editor/2020.2.1f1/Editor/Data/Resources/UnitySubsystems
[Subsystems] Discovering subsystems at path D:/Universidad/LCI Barcelona/2o A単o 1r Trimestre/Motores a tiempo real/Abuelitadimetu/Awelita/Assets
GfxDevice: creating device client; threaded=0
Direct3D:
    Version:  Direct3D 11.0 [level 11.1]
    Renderer: NVIDIA GeForce GTX 1050 (ID=0x1c81)
    Vendor:   
    VRAM:     1977 MB
    Driver:   26.21.14.3107
Initialize mono
Mono path[0] = 'C:/Program Files/Unity/Hub/Editor/2020.2.1f1/Editor/Data/Managed'
Mono path[1] = 'C:/Program Files/Unity/Hub/Editor/2020.2.1f1/Editor/Data/MonoBleedingEdge/lib/mono/unityjit'
Mono config path = 'C:/Program Files/Unity/Hub/Editor/2020.2.1f1/Editor/Data/MonoBleedingEdge/etc'
Using monoOptions --debugger-agent=transport=dt_socket,embedding=1,server=y,suspend=n,address=127.0.0.1:56408
Begin MonoManager ReloadAssembly
Registering precompiled unity dll's ...
Register platform support module: C:/Program Files/Unity/Hub/Editor/2020.2.1f1/Editor/Data/PlaybackEngines/WindowsStandaloneSupport/UnityEditor.WindowsStandalone.Extensions.dll
Registered in 0.001651 seconds.
Native extension for WindowsStandalone target not found
Refreshing native plugins compatible for Editor in 33.45 ms, found 0 plugins.
Preloading 0 native plugins for Editor in 0.00 ms.
Invoked RoslynAnalysisRunner static constructor.
RoslynAnalysisRunner will not be running.
RoslynAnalysisRunner has terminated.
Mono: successfully reloaded assembly
- Completed reload, in  1.630 seconds
Platform modules already initialized, skipping
Registering precompiled user dll's ...
Registered in 0.000584 seconds.
Begin MonoManager ReloadAssembly
Native extension for WindowsStandalone target not found
Refreshing native plugins compatible for Editor in 0.38 ms, found 0 plugins.
Preloading 0 native plugins for Editor in 0.00 ms.
Invoked RoslynAnalysisRunner static constructor.
RoslynAnalysisRunner will not be running.
RoslynAnalysisRunner has terminated.
Mono: successfully reloaded assembly
- Completed reload, in  0.655 seconds
Platform modules already initialized, skipping
========================================================================
Worker process is ready to serve import requests
Launched and connected shader compiler UnityShaderCompiler.exe after 0.03 seconds
Refreshing native plugins compatible for Editor in 0.37 ms, found 0 plugins.
Preloading 0 native plugins for Editor in 0.00 ms.
Unloading 1101 Unused Serialized files (Serialized files now loaded: 0)
System memory in use before: 58.1 MB.
System memory in use after: 58.2 MB.

Unloading 10 unused Assets to reduce memory usage. Loaded Objects now: 1542.
Total: 1.591300 ms (FindLiveObjects: 0.131700 ms CreateObjectMapping: 0.037100 ms MarkObjects: 1.373500 ms  DeleteObjects: 0.048100 ms)

========================================================================
Received Import Request.
  path: Assets/Medicamentos.prefab
  artifactKey: Guid(561e6cff9500a1443bced1a580fa5d05) Importer(815301076,1909f56bfc062723c751e8b465ee728b)
Start importing Assets/Medicamentos.prefab using Guid(561e6cff9500a1443bced1a580fa5d05) Importer(815301076,1909f56bfc062723c751e8b465ee728b)  -> (artifact id: 'b7ac283bcc27d101eb23d262a29fd8b7') in 0.105755 seconds
  Import took 0.107558 seconds .

========================================================================
Received Prepare
Registering precompiled user dll's ...
Registered in 0.000745 seconds.
Begin MonoManager ReloadAssembly
Native extension for WindowsStandalone target not found
Refreshing native plugins compatible for Editor in 0.37 ms, found 0 plugins.
Preloading 0 native plugins for Editor in 0.00 ms.
Invoked RoslynAnalysisRunner static constructor.
RoslynAnalysisRunner will not be running.
RoslynAnalysisRunner has terminated.
Mono: successfully reloaded assembly
- Completed reload, in  0.612 seconds
Platform modules already initialized, skipping
Refreshing native plugins compatible for Editor in 0.41 ms, found 0 plugins.
Preloading 0 native plugins for Editor in 0.00 ms.
Unloading 1096 Unused Serialized files (Serialized files now loaded: 0)
System memory in use before: 61.3 MB.
System memory in use after: 61.4 MB.

Unloading 5 unused Assets to reduce memory usage. Loaded Objects now: 1551.
Total: 4.083100 ms (FindLiveObjects: 0.265000 ms CreateObjectMapping: 0.088000 ms MarkObjects: 3.662100 ms  DeleteObjects: 0.065700 ms)

========================================================================
Received Prepare
Registering precompiled user dll's ...
Registered in 0.000777 seconds.
Begin MonoManager ReloadAssembly
Native extension for WindowsStandalone target not found
Refreshing native plugins compatible for Editor in 0.38 ms, found 0 plugins.
Preloading 0 native plugins for Editor in 0.00 ms.
Invoked RoslynAnalysisRunner static constructor.
RoslynAnalysisRunner will not be running.
RoslynAnalysisRunner has terminated.
Mono: successfully reloaded assembly
- Completed reload, in  0.612 seconds
Platform modules already initialized, skipping
Refreshing native plugins compatible for Editor in 0.37 ms, found 0 plugins.
Preloading 0 native plugins for Editor in 0.00 ms.
Unloading 1096 Unused Serialized files (Serialized files now loaded: 0)
System memory in use before: 61.5 MB.
System memory in use after: 61.6 MB.

Unloading 5 unused Assets to reduce memory usage. Loaded Objects now: 1553.
Total: 4.019800 ms (FindLiveObjects: 0.271400 ms CreateObjectMapping: 0.091100 ms MarkObjects: 3.566500 ms  DeleteObjects: 0.088300 ms)

========================================================================
Received Prepare
Registering precompiled user dll's ...
Registered in 0.000633 seconds.
Begin MonoManager ReloadAssembly
Native extension for WindowsStandalone target not found
Refreshing native plugins compatible for Editor in 0.37 ms, found 0 plugins.
Preloading 0 native plugins for Editor in 0.00 ms.
Invoked RoslynAnalysisRunner static constructor.
RoslynAnalysisRunner will not be running.
RoslynAnalysisRunner has terminated.
Mono: successfully reloaded assembly
- Completed reload, in  0.614 seconds
Platform modules already initialized, skipping
Refreshing native plugins compatible for Editor in 0.38 ms, found 0 plugins.
Preloading 0 native plugins for Editor in 0.00 ms.
Unloading 1096 Unused Serialized files (Serialized files now loaded: 0)
System memory in use before: 61.6 MB.
System memory in use after: 61.7 MB.

Unloading 5 unused Assets to reduce memory usage. Loaded Objects now: 1555.
Total: 3.993400 ms (FindLiveObjects: 0.316700 ms CreateObjectMapping: 0.087800 ms MarkObjects: 3.524500 ms  DeleteObjects: 0.062100 ms)

========================================================================
Received Prepare
Registering precompiled user dll's ...
Registered in 0.000879 seconds.
Begin MonoManager ReloadAssembly
Native extension for WindowsStandalone target not found
Refreshing native plugins compatible for Editor in 0.37 ms, found 0 plugins.
Preloading 0 native plugins for Editor in 0.00 ms.
Invoked RoslynAnalysisRunner static constructor.
RoslynAnalysisRunner will not be running.
RoslynAnalysisRunner has terminated.
Mono: successfully reloaded assembly
- Completed reload, in  0.616 seconds
Platform modules already initialized, skipping
Refreshing native plugins compatible for Editor in 0.37 ms, found 0 plugins.
Preloading 0 native plugins for Editor in 0.00 ms.
Unloading 1096 Unused Serialized files (Serialized files now loaded: 0)
System memory in use before: 61.8 MB.
System memory in use after: 61.9 MB.

Unloading 5 unused Assets to reduce memory usage. Loaded Objects now: 1557.
Total: 4.353600 ms (FindLiveObjects: 0.309100 ms CreateObjectMapping: 0.106100 ms MarkObjects: 3.830300 ms  DeleteObjects: 0.105200 ms)

========================================================================
Received Import Request.
  Time since last request: 227.761942 seconds.
  path: Assets/Scenes/Defeat_Screen.unity
  artifactKey: Guid(3bdc69c54dc687144a597ceb1da5c064) Importer(815301076,1909f56bfc062723c751e8b465ee728b)
Start importing Assets/Scenes/Defeat_Screen.unity using Guid(3bdc69c54dc687144a597ceb1da5c064) Importer(815301076,1909f56bfc062723c751e8b465ee728b)  -> (artifact id: '24ff7a608d2d8527e114176b3cfe61ca') in 0.011821 seconds
  Import took 0.013829 seconds .

========================================================================
Received Import Request.
  Time since last request: 17.857838 seconds.
  path: Assets/Scenes/Main_Menu.unity
  artifactKey: Guid(d59becf67d75a814bb2c28239f41474a) Importer(815301076,1909f56bfc062723c751e8b465ee728b)
Start importing Assets/Scenes/Main_Menu.unity using Guid(d59becf67d75a814bb2c28239f41474a) Importer(815301076,1909f56bfc062723c751e8b465ee728b)  -> (artifact id: '622a73b6d99075d894d82116f9772c1f') in 0.042303 seconds
  Import took 0.044619 seconds .

========================================================================
Received Prepare
Registering precompiled user dll's ...
Registered in 0.000884 seconds.
Begin MonoManager ReloadAssembly
Native extension for WindowsStandalone target not found
Refreshing native plugins compatible for Editor in 0.44 ms, found 0 plugins.
Preloading 0 native plugins for Editor in 0.00 ms.
Invoked RoslynAnalysisRunner static constructor.
RoslynAnalysisRunner will not be running.
RoslynAnalysisRunner has terminated.
Mono: successfully reloaded assembly
- Completed reload, in  0.754 seconds
Platform modules already initialized, skipping
Refreshing native plugins compatible for Editor in 0.44 ms, found 0 plugins.
Preloading 0 native plugins for Editor in 0.00 ms.
Unloading 1096 Unused Serialized files (Serialized files now loaded: 0)
System memory in use before: 62.0 MB.
System memory in use after: 62.0 MB.

Unloading 5 unused Assets to reduce memory usage. Loaded Objects now: 1559.
Total: 1.888300 ms (FindLiveObjects: 0.213500 ms CreateObjectMapping: 0.041000 ms MarkObjects: 1.591800 ms  DeleteObjects: 0.040800 ms)

========================================================================
Received Import Request.
  Time since last request: 17.530103 seconds.
  path: Assets/Scripts/LevelManager.cs
  artifactKey: Guid(d4e97b075721108499745cb7cd891062) Importer(815301076,1909f56bfc062723c751e8b465ee728b)
Start importing Assets/Scripts/LevelManager.cs using Guid(d4e97b075721108499745cb7cd891062) Importer(815301076,1909f56bfc062723c751e8b465ee728b)  -> (artifact id: '1bbb658d43aeaea7d96526c08521b86c') in 0.008337 seconds
  Import took 0.010191 seconds .

========================================================================
Received Import Request.
  Time since last request: 0.019612 seconds.
  path: Assets/Scripts/LevelManager.cs
  artifactKey: Guid(d4e97b075721108499745cb7cd891062) Importer(815301076,1909f56bfc062723c751e8b465ee728b)
Start importing Assets/Scripts/LevelManager.cs using Guid(d4e97b075721108499745cb7cd891062) Importer(815301076,1909f56bfc062723c751e8b465ee728b)  -> (artifact id: '1bbb658d43aeaea7d96526c08521b86c') in 0.001635 seconds
  Import took 0.003665 seconds .

========================================================================
Received Prepare
Registering precompiled user dll's ...
Registered in 0.000616 seconds.
Begin MonoManager ReloadAssembly
Native extension for WindowsStandalone target not found
Refreshing native plugins compatible for Editor in 0.39 ms, found 0 plugins.
Preloading 0 native plugins for Editor in 0.00 ms.
Invoked RoslynAnalysisRunner static constructor.
RoslynAnalysisRunner will not be running.
RoslynAnalysisRunner has terminated.
Mono: successfully reloaded assembly
- Completed reload, in  0.617 seconds
Platform modules already initialized, skipping
Refreshing native plugins compatible for Editor in 0.37 ms, found 0 plugins.
Preloading 0 native plugins for Editor in 0.00 ms.
Unloading 1096 Unused Serialized files (Serialized files now loaded: 0)
System memory in use before: 62.1 MB.
System memory in use after: 62.2 MB.

Unloading 5 unused Assets to reduce memory usage. Loaded Objects now: 1561.
Total: 3.002600 ms (FindLiveObjects: 0.232800 ms CreateObjectMapping: 0.082000 ms MarkObjects: 2.625000 ms  DeleteObjects: 0.061000 ms)

========================================================================
Received Import Request.
  Time since last request: 25.340668 seconds.
  path: Assets/Scripts/LevelManager.cs
  artifactKey: Guid(d4e97b075721108499745cb7cd891062) Importer(815301076,1909f56bfc062723c751e8b465ee728b)
Start importing Assets/Scripts/LevelManager.cs using Guid(d4e97b075721108499745cb7cd891062) Importer(815301076,1909f56bfc062723c751e8b465ee728b)  -> (artifact id: '007e6924af03b6a5d9af034d86dbfb90') in 0.005924 seconds
  Import took 0.008793 seconds .

========================================================================
Received Prepare
Registering precompiled user dll's ...
Registered in 0.000583 seconds.
Begin MonoManager ReloadAssembly
Native extension for WindowsStandalone target not found
Refreshing native plugins compatible for Editor in 0.44 ms, found 0 plugins.
Preloading 0 native plugins for Editor in 0.00 ms.
Invoked RoslynAnalysisRunner static constructor.
RoslynAnalysisRunner will not be running.
RoslynAnalysisRunner has terminated.
Mono: successfully reloaded assembly
- Completed reload, in  0.633 seconds
Platform modules already initialized, skipping
Refreshing native plugins compatible for Editor in 0.44 ms, found 0 plugins.
Preloading 0 native plugins for Editor in 0.00 ms.
Unloading 1096 Unused Serialized files (Serialized files now loaded: 0)
System memory in use before: 62.3 MB.
System memory in use after: 62.3 MB.

Unloading 5 unused Assets to reduce memory usage. Loaded Objects now: 1563.
Total: 1.513500 ms (FindLiveObjects: 0.149700 ms CreateObjectMapping: 0.034500 ms MarkObjects: 1.293900 ms  DeleteObjects: 0.034400 ms)

========================================================================
Received Import Request.
  Time since last request: 75.736311 seconds.
  path: Assets/Scripts/LevelManager.cs
  artifactKey: Guid(d4e97b075721108499745cb7cd891062) Importer(815301076,1909f56bfc062723c751e8b465ee728b)
Start importing Assets/Scripts/LevelManager.cs using Guid(d4e97b075721108499745cb7cd891062) Importer(815301076,1909f56bfc062723c751e8b465ee728b)  -> (artifact id: 'bb7ff34d34e66bdb077c2e9e4a885688') in 0.003585 seconds
  Import took 0.005544 seconds .

========================================================================
Received Import Request.
  Time since last request: 2.463998 seconds.
  path: Assets/Scripts/DefeatScreenManager.cs
  artifactKey: Guid(2174841ad53da96499f028de599a92bb) Importer(815301076,1909f56bfc062723c751e8b465ee728b)
Start importing Assets/Scripts/DefeatScreenManager.cs using Guid(2174841ad53da96499f028de599a92bb) Importer(815301076,1909f56bfc062723c751e8b465ee728b)  -> (artifact id: 'f1972c1100802041dea6fc6dc2319e5e') in 0.009701 seconds
  Import took 0.011995 seconds .

========================================================================
Received Import Request.
  Time since last request: 5.842075 seconds.
  path: Assets/Scenes/Win_Screen.unity
  artifactKey: Guid(6bf4e771ec652a64b92ef1a155bebdaf) Importer(815301076,1909f56bfc062723c751e8b465ee728b)
Start importing Assets/Scenes/Win_Screen.unity using Guid(6bf4e771ec652a64b92ef1a155bebdaf) Importer(815301076,1909f56bfc062723c751e8b465ee728b)  -> (artifact id: '037aea39e840a960fb83bd53c2808576') in 0.011017 seconds
  Import took 0.012844 seconds .

========================================================================
Received Prepare
Registering precompiled user dll's ...
Registered in 0.000636 seconds.
Begin MonoManager ReloadAssembly
Native extension for WindowsStandalone target not found
Refreshing native plugins compatible for Editor in 0.40 ms, found 0 plugins.
Preloading 0 native plugins for Editor in 0.00 ms.
Invoked RoslynAnalysisRunner static constructor.
RoslynAnalysisRunner will not be running.
RoslynAnalysisRunner has terminated.
Mono: successfully reloaded assembly
- Completed reload, in  0.615 seconds
Platform modules already initialized, skipping
Refreshing native plugins compatible for Editor in 0.37 ms, found 0 plugins.
Preloading 0 native plugins for Editor in 0.00 ms.
Unloading 1096 Unused Serialized files (Serialized files now loaded: 0)
System memory in use before: 62.4 MB.
System memory in use after: 62.5 MB.

Unloading 5 unused Assets to reduce memory usage. Loaded Objects now: 1565.
Total: 2.235600 ms (FindLiveObjects: 0.251700 ms CreateObjectMapping: 0.061900 ms MarkObjects: 1.887000 ms  DeleteObjects: 0.034000 ms)

AssetImportWorkerClient::OnTransportError - code=2 error=End of file
